<?xml version="1.0" encoding="UTF-8"?>
<!-- Generated by org.testng.reporters.JUnitReportReporter -->
<testsuite skipped="0" hostname="ICPL12782" name="com.Tripadvisor.Flight_booking.Testexecution" tests="2" failures="0" timestamp="26 Mar 2018 07:19:55 GMT" time="62.111" errors="0">
  <testcase name="ticketbooking" time="25.587" classname="com.Tripadvisor.Flight_booking.Testexecution"/>
  <testcase name="ticketbooking" time="36.524" classname="com.Tripadvisor.Flight_booking.Testexecution"/>
</testsuite> <!-- com.Tripadvisor.Flight_booking.Testexecution -->
