<?xml version="1.0" encoding="UTF-8"?>
<!-- Generated by org.testng.reporters.JUnitReportReporter -->
<testsuite skipped="0" hostname="ICPL12782" name="com.Tripadvisor.Flight_booking.firefoxbro" tests="1" failures="0" timestamp="21 Mar 2018 07:51:04 GMT" time="32.536" errors="0">
  <testcase name="ticketbboking" time="32.536" classname="com.Tripadvisor.Flight_booking.firefoxbro"/>
</testsuite> <!-- com.Tripadvisor.Flight_booking.firefoxbro -->
