<?xml version="1.0" encoding="UTF-8"?>
<!-- Generated by org.testng.reporters.JUnitReportReporter -->
<testsuite skipped="0" hostname="ICPL12782" name="com.Tripadvisor.Flight_booking.Testexecution" tests="2" failures="0" timestamp="22 Mar 2018 05:17:56 GMT" time="52.345" errors="0">
  <testcase name="ticketbooking" time="19.619" classname="com.Tripadvisor.Flight_booking.Testexecution"/>
  <testcase name="ticketbooking" time="32.726" classname="com.Tripadvisor.Flight_booking.Testexecution"/>
</testsuite> <!-- com.Tripadvisor.Flight_booking.Testexecution -->
