<?xml version="1.0" encoding="UTF-8"?>
<!-- Generated by org.testng.reporters.JUnitReportReporter -->
<testsuite skipped="0" hostname="ICPL12782" name="com.Tripadvisor.Flight_booking.example" tests="2" failures="0" timestamp="20 Mar 2018 10:43:37 GMT" time="4.411" errors="0">
  <testcase name="Firefoxbrowser" time="2.670" classname="com.Tripadvisor.Flight_booking.example"/>
  <testcase name="EnterURL" time="1.741" classname="com.Tripadvisor.Flight_booking.example"/>
</testsuite> <!-- com.Tripadvisor.Flight_booking.example -->
