<?xml version="1.0" encoding="UTF-8"?>
<!-- Generated by org.testng.reporters.JUnitReportReporter -->
<testsuite hostname="ICPL12782" name="com.Tripadvisor.Flight_booking.Testexecution" tests="2" failures="0" timestamp="26 Mar 2018 07:22:41 GMT" time="65.352" errors="0">
  <testcase name="ticketbooking" time="39.867" classname="com.Tripadvisor.Flight_booking.Testexecution"/>
  <testcase name="ticketbooking" time="25.485" classname="com.Tripadvisor.Flight_booking.Testexecution"/>
</testsuite> <!-- com.Tripadvisor.Flight_booking.Testexecution -->
