<?xml version="1.0" encoding="UTF-8"?>
<!-- Generated by org.testng.reporters.JUnitReportReporter -->
<testsuite hostname="ICPL12782" name="com.Tripadvisor.Flight_booking.Testexecution" tests="2" failures="0" timestamp="23 Mar 2018 12:37:04 GMT" time="69.563" errors="0">
  <testcase name="ticketbooking" time="26.533" classname="com.Tripadvisor.Flight_booking.Testexecution"/>
  <testcase name="ticketbooking" time="43.030" classname="com.Tripadvisor.Flight_booking.Testexecution"/>
</testsuite> <!-- com.Tripadvisor.Flight_booking.Testexecution -->
