<?xml version="1.0" encoding="UTF-8"?>
<!-- Generated by org.testng.reporters.JUnitReportReporter -->
<testsuite hostname="ICPL12782" name="com.Tripadvisor.Flight_booking.Testexecution" tests="2" failures="0" timestamp="26 Mar 2018 07:08:49 GMT" time="64.970" errors="0">
  <testcase name="ticketbooking" time="39.520" classname="com.Tripadvisor.Flight_booking.Testexecution"/>
  <testcase name="ticketbooking" time="25.450" classname="com.Tripadvisor.Flight_booking.Testexecution"/>
</testsuite> <!-- com.Tripadvisor.Flight_booking.Testexecution -->
